Cholewoke up!
Colewoke up!
Dazwoke up!
Dugwoke up!
Elfwoke up!
Euwoke up!
Hommiewoke up!
Hulawoke up!
lamewoke up!
Lassowoke up!
Ramiwoke up!
Rufiwoke up!
Tikawoke up!
Terrywoke up!
Willywoke up!
Wozwoke up!
Chole is now awake
Cole is now awake
Daz is now awake
Dug is now awake
Elf is now awake
Eu is now awake
Hommie is now awake
Hula is now awake
lame is now awake
Lasso is now awake
Rami is now awake
Rufi is now awake
Tika is now awake
Terry is now awake
Willy is now awake
Woz is now awake
feeding animals!
Chole of type Feline is eating fish!
Cole of type Feline is eating fish!
Daz of type Canine is eating meat!
Dug of type Canine is eating meat!
Elf of type Pachyderm is eating leaves!
Eu of type Pachyderm is eating leaves!
Hommie of type Feline is eating fish!
Hula of type Feline is eating fish!
lame of type Feline is eating deer!
Lasso of type Feline is eating deer!
Rami of type Pachyderm is eating food!
Rufi of type Pachyderm is eating food!
Tika of type Feline is eating deer!
Terry of type Feline is eating deer!
Willy of type Canine is eating rabbit!
Woz of type Canine is eating rabbit!
exercising the animals!
Chole of type Feline is roaming
Cole of type Feline is roaming
Dazof type canine is roaming
Dugof type canine is roaming
Elf of type Pachyderm is roaming
Eu of type Pachyderm is roaming
Hommie of type Pachyderm is roaming
Hula of type Pachyderm is roaming
lame of type Feline is roaming
Lasso of type Feline is roaming
Rami of type Pachyderm is roaming
Rufi of type Pachyderm is roaming
Tika of type Feline is roaming
Terry of type Feline is roaming
Willyof type canine is roaming
Wozof type canine is roaming
Shutting down the zoo!
Chole was set free!
Cole was set free!
Daz was set free!
Dug was set free!
Elf was set free!
Eu was set free!
Hommie was set free!
Hula was set free!
lame was set free!
Lasso was set free!
Rami was set free!
Rufi was set free!
Tika was set free!
Terry was set free!
Willy was set free!
Woz was set free!
